<?xml version="1.0" encoding="UTF-8"?>
<!-- Generated by org.testng.reporters.JUnitReportReporter -->
<testsuite hostname="DESKTOP-3APH7UC" failures="0" tests="2" name="Hariprasad.tests.SubmitOrderTest" time="33.654" errors="0" timestamp="2024-02-05T07:45:01 IST" skipped="0">
  <testcase classname="Hariprasad.tests.SubmitOrderTest" name="submitOrder" time="17.043"/>
  <testcase classname="Hariprasad.tests.SubmitOrderTest" name="submitOrder" time="16.611"/>
</testsuite> <!-- Hariprasad.tests.SubmitOrderTest -->
