<?xml version="1.0" encoding="UTF-8"?>
<!-- Generated by org.testng.reporters.JUnitReportReporter -->
<testsuite hostname="DESKTOP-3APH7UC" failures="0" tests="1" name="cucumber.TestNGTestRunner" time="16.356" errors="0" timestamp="2024-02-02T12:01:47 IST" skipped="0">
  <testcase classname="cucumber.TestNGTestRunner" name="runScenario" time="16.356"/>
</testsuite> <!-- cucumber.TestNGTestRunner -->
