<?xml version="1.0" encoding="UTF-8"?>
<!-- Generated by org.testng.reporters.JUnitReportReporter -->
<testsuite hostname="DESKTOP-3APH7UC" failures="0" tests="1" name="Hariprasad.tests.ErrorValidations" time="0.845" errors="0" timestamp="2023-11-20T10:46:14 IST" skipped="0">
  <testcase classname="Hariprasad.tests.ErrorValidations" name="submitOrder" time="0.845"/>
</testsuite> <!-- Hariprasad.tests.ErrorValidations -->
